# JRE version: OpenJDK Runtime Environment (11.0.8+10) (build 11.0.8+10-post-Ubuntu-0ubuntu120.04)
# Java VM: OpenJDK 64-Bit Server VM (11.0.8+10-post-Ubuntu-0ubuntu120.04, mixed mode, sharing, tiered, compressed oops, g1 gc, linux-amd64)
Heap:
 garbage-first heap   total 242688K, used 97511K [0x0000000746800000, 0x0000000800000000)
  region size 1024K, 92 young (94208K), 7 survivors (7168K)
 Metaspace       used 24866K, capacity 25594K, committed 25776K, reserved 1073152K
  class space    used 2810K, capacity 3037K, committed 3072K, reserved 1048576K
GC Heap History (10 events):
Event: 0.502 GC heap before
{Heap before GC invocations=0 (full 0):
 garbage-first heap   total 192512K, used 15044K [0x0000000746800000, 0x0000000800000000)
  region size 1024K, 14 young (14336K), 0 survivors (0K)
 Metaspace       used 4096K, capacity 7153K, committed 7296K, reserved 1056768K
  class space    used 460K, capacity 792K, committed 896K, reserved 1048576K
}
Event: 0.512 GC heap after
{Heap after GC invocations=1 (full 0):
 garbage-first heap   total 192512K, used 3292K [0x0000000746800000, 0x0000000800000000)
  region size 1024K, 2 young (2048K), 2 survivors (2048K)
 Metaspace       used 4096K, capacity 7153K, committed 7296K, reserved 1056768K
  class space    used 460K, capacity 792K, committed 896K, reserved 1048576K
}
Event: 0.713 GC heap before
{Heap before GC invocations=1 (full 0):
 garbage-first heap   total 192512K, used 15580K [0x0000000746800000, 0x0000000800000000)
  region size 1024K, 14 young (14336K), 2 survivors (2048K)
 Metaspace       used 5395K, capacity 7998K, committed 8192K, reserved 1056768K
  class space    used 641K, capacity 924K, committed 1024K, reserved 1048576K
}
Event: 0.719 GC heap after
{Heap after GC invocations=2 (full 0):
 garbage-first heap   total 192512K, used 3868K [0x0000000746800000, 0x0000000800000000)
  region size 1024K, 1 young (1024K), 1 survivors (1024K)
 Metaspace       used 5395K, capacity 7998K, committed 8192K, reserved 1056768K
  class space    used 641K, capacity 924K, committed 1024K, reserved 1048576K
}
Event: 1.287 GC heap before
{Heap before GC invocations=2 (full 0):
 garbage-first heap   total 192512K, used 36636K [0x0000000746800000, 0x0000000800000000)
  region size 1024K, 33 young (33792K), 1 survivors (1024K)
 Metaspace       used 10414K, capacity 12590K, committed 12928K, reserved 1060864K
  class space    used 1287K, capacity 1550K, committed 1664K, reserved 1048576K
}
Event: 1.291 GC heap after
{Heap after GC invocations=3 (full 0):
 garbage-first heap   total 192512K, used 5561K [0x0000000746800000, 0x0000000800000000)
  region size 1024K, 3 young (3072K), 3 survivors (3072K)
 Metaspace       used 10414K, capacity 12590K, committed 12928K, reserved 1060864K
  class space    used 1287K, capacity 1550K, committed 1664K, reserved 1048576K
}
Event: 2.120 GC heap before
{Heap before GC invocations=3 (full 0):
 garbage-first heap   total 192512K, used 59833K [0x0000000746800000, 0x0000000800000000)
  region size 1024K, 56 young (57344K), 3 survivors (3072K)
 Metaspace       used 14051K, capacity 15734K, committed 16000K, reserved 1062912K
  class space    used 1622K, capacity 1843K, committed 1920K, reserved 1048576K
}
Event: 2.137 GC heap after
{Heap after GC invocations=4 (full 0):
 garbage-first heap   total 192512K, used 8599K [0x0000000746800000, 0x0000000800000000)
  region size 1024K, 6 young (6144K), 6 survivors (6144K)
 Metaspace       used 14051K, capacity 15734K, committed 16000K, reserved 1062912K
  class space    used 1622K, capacity 1843K, committed 1920K, reserved 1048576K
}
Event: 2.484 GC heap before
{Heap before GC invocations=4 (full 0):
 garbage-first heap   total 192512K, used 21911K [0x0000000746800000, 0x0000000800000000)
  region size 1024K, 20 young (20480K), 6 survivors (6144K)
 Metaspace       used 19703K, capacity 21010K, committed 21296K, reserved 1069056K
  class space    used 2349K, capacity 2568K, committed 2688K, reserved 1048576K
}
Event: 2.497 GC heap after
{Heap after GC invocations=5 (full 0):
 garbage-first heap   total 242688K, used 10471K [0x0000000746800000, 0x0000000800000000)
  region size 1024K, 7 young (7168K), 7 survivors (7168K)
 Metaspace       used 19703K, capacity 21010K, committed 21296K, reserved 1069056K
  class space    used 2349K, capacity 2568K, committed 2688K, reserved 1048576K
}

