# JRE version: OpenJDK Runtime Environment (11.0.8+10) (build 11.0.8+10-post-Ubuntu-0ubuntu120.04)
# Java VM: OpenJDK 64-Bit Server VM (11.0.8+10-post-Ubuntu-0ubuntu120.04, mixed mode, sharing, tiered, compressed oops, g1 gc, linux-amd64)
Heap:
 garbage-first heap   total 192512K, used 9264K [0x0000000746800000, 0x0000000800000000)
  region size 1024K, 6 young (6144K), 4 survivors (4096K)
 Metaspace       used 20611K, capacity 21302K, committed 21884K, reserved 1069056K
  class space    used 2407K, capacity 2702K, committed 2764K, reserved 1048576K
GC Heap History (6 events):
Event: 0.629 GC heap before
{Heap before GC invocations=0 (full 0):
 garbage-first heap   total 192512K, used 14020K [0x0000000746800000, 0x0000000800000000)
  region size 1024K, 14 young (14336K), 0 survivors (0K)
 Metaspace       used 10253K, capacity 10863K, committed 11008K, reserved 1058816K
  class space    used 1213K, capacity 1470K, committed 1536K, reserved 1048576K
}
Event: 0.647 GC heap after
{Heap after GC invocations=1 (full 0):
 garbage-first heap   total 192512K, used 3539K [0x0000000746800000, 0x0000000800000000)
  region size 1024K, 2 young (2048K), 2 survivors (2048K)
 Metaspace       used 10253K, capacity 10863K, committed 11008K, reserved 1058816K
  class space    used 1213K, capacity 1470K, committed 1536K, reserved 1048576K
}
Event: 0.946 GC heap before
{Heap before GC invocations=1 (full 0):
 garbage-first heap   total 192512K, used 16851K [0x0000000746800000, 0x0000000800000000)
  region size 1024K, 15 young (15360K), 2 survivors (2048K)
 Metaspace       used 14915K, capacity 15532K, committed 15872K, reserved 1062912K
  class space    used 1688K, capacity 1977K, committed 2048K, reserved 1048576K
}
Event: 0.956 GC heap after
{Heap after GC invocations=2 (full 0):
 garbage-first heap   total 192512K, used 6634K [0x0000000746800000, 0x0000000800000000)
  region size 1024K, 2 young (2048K), 2 survivors (2048K)
 Metaspace       used 14915K, capacity 15532K, committed 15872K, reserved 1062912K
  class space    used 1688K, capacity 1977K, committed 2048K, reserved 1048576K
}
Event: 4.000 GC heap before
{Heap before GC invocations=2 (full 0):
 garbage-first heap   total 192512K, used 15850K [0x0000000746800000, 0x0000000800000000)
  region size 1024K, 12 young (12288K), 2 survivors (2048K)
 Metaspace       used 20222K, capacity 20904K, committed 21296K, reserved 1069056K
  class space    used 2330K, capacity 2635K, committed 2688K, reserved 1048576K
}
Event: 4.007 GC heap after
{Heap after GC invocations=3 (full 0):
 garbage-first heap   total 192512K, used 8240K [0x0000000746800000, 0x0000000800000000)
  region size 1024K, 4 young (4096K), 4 survivors (4096K)
 Metaspace       used 20222K, capacity 20904K, committed 21296K, reserved 1069056K
  class space    used 2330K, capacity 2635K, committed 2688K, reserved 1048576K
}

