# JRE version: OpenJDK Runtime Environment (11.0.8+10) (build 11.0.8+10-post-Ubuntu-0ubuntu120.04)
# Java VM: OpenJDK 64-Bit Server VM (11.0.8+10-post-Ubuntu-0ubuntu120.04, mixed mode, sharing, tiered, compressed oops, g1 gc, linux-amd64)
Heap:
 garbage-first heap   total 240640K, used 74923K [0x0000000746800000, 0x0000000800000000)
  region size 1024K, 68 young (69632K), 6 survivors (6144K)
 Metaspace       used 24440K, capacity 25119K, committed 25340K, reserved 1071104K
  class space    used 2772K, capacity 2988K, committed 3072K, reserved 1048576K
GC Heap History (11 events):
Event: 0.706 GC heap before
{Heap before GC invocations=0 (full 0):
 garbage-first heap   total 192512K, used 15044K [0x0000000746800000, 0x0000000800000000)
  region size 1024K, 14 young (14336K), 0 survivors (0K)
 Metaspace       used 4040K, capacity 7153K, committed 7296K, reserved 1056768K
  class space    used 461K, capacity 792K, committed 896K, reserved 1048576K
}
Event: 0.721 GC heap after
{Heap after GC invocations=1 (full 0):
 garbage-first heap   total 192512K, used 3287K [0x0000000746800000, 0x0000000800000000)
  region size 1024K, 2 young (2048K), 2 survivors (2048K)
 Metaspace       used 4040K, capacity 7153K, committed 7296K, reserved 1056768K
  class space    used 461K, capacity 792K, committed 896K, reserved 1048576K
}
Event: 1.086 GC heap before
{Heap before GC invocations=1 (full 0):
 garbage-first heap   total 192512K, used 18647K [0x0000000746800000, 0x0000000800000000)
  region size 1024K, 17 young (17408K), 2 survivors (2048K)
 Metaspace       used 5825K, capacity 8353K, committed 8448K, reserved 1056768K
  class space    used 681K, capacity 957K, committed 1024K, reserved 1048576K
}
Event: 1.095 GC heap after
{Heap after GC invocations=2 (full 0):
 garbage-first heap   total 192512K, used 4038K [0x0000000746800000, 0x0000000800000000)
  region size 1024K, 1 young (1024K), 1 survivors (1024K)
 Metaspace       used 5825K, capacity 8353K, committed 8448K, reserved 1056768K
  class space    used 681K, capacity 957K, committed 1024K, reserved 1048576K
}
Event: 1.458 GC heap before
{Heap before GC invocations=2 (full 0):
 garbage-first heap   total 192512K, used 28614K [0x0000000746800000, 0x0000000800000000)
  region size 1024K, 25 young (25600K), 1 survivors (1024K)
 Metaspace       used 9641K, capacity 11944K, committed 12288K, reserved 1060864K
  class space    used 1187K, capacity 1485K, committed 1536K, reserved 1048576K
}
Event: 1.463 GC heap after
{Heap after GC invocations=3 (full 0):
 garbage-first heap   total 192512K, used 5231K [0x0000000746800000, 0x0000000800000000)
  region size 1024K, 2 young (2048K), 2 survivors (2048K)
 Metaspace       used 9641K, capacity 11944K, committed 12288K, reserved 1060864K
  class space    used 1187K, capacity 1485K, committed 1536K, reserved 1048576K
}
Event: 2.377 GC heap before
{Heap before GC invocations=3 (full 0):
 garbage-first heap   total 192512K, used 47215K [0x0000000746800000, 0x0000000800000000)
  region size 1024K, 43 young (44032K), 2 survivors (2048K)
 Metaspace       used 13887K, capacity 15581K, committed 15744K, reserved 1062912K
  class space    used 1615K, capacity 1835K, committed 1920K, reserved 1048576K
}
Event: 2.400 GC heap after
{Heap after GC invocations=4 (full 0):
 garbage-first heap   total 192512K, used 7836K [0x0000000746800000, 0x0000000800000000)
  region size 1024K, 5 young (5120K), 5 survivors (5120K)
 Metaspace       used 13887K, capacity 15581K, committed 15744K, reserved 1062912K
  class space    used 1615K, capacity 1835K, committed 1920K, reserved 1048576K
}
Event: 2.861 GC heap before
{Heap before GC invocations=4 (full 0):
 garbage-first heap   total 192512K, used 33436K [0x0000000746800000, 0x0000000800000000)
  region size 1024K, 31 young (31744K), 5 survivors (5120K)
 Metaspace       used 19752K, capacity 21113K, committed 21248K, reserved 1069056K
  class space    used 2355K, capacity 2560K, committed 2560K, reserved 1048576K
}
Event: 2.870 GC heap after
{Heap after GC invocations=5 (full 0):
 garbage-first heap   total 240640K, used 10411K [0x0000000746800000, 0x0000000800000000)
  region size 1024K, 7 young (7168K), 7 survivors (7168K)
 Metaspace       used 19752K, capacity 21113K, committed 21248K, reserved 1069056K
  class space    used 2355K, capacity 2560K, committed 2560K, reserved 1048576K
}
Event: 3.777 GC heap before
{Heap before GC invocations=6 (full 0):
 garbage-first heap   total 240640K, used 74923K [0x0000000746800000, 0x0000000800000000)
  region size 1024K, 69 young (70656K), 7 survivors (7168K)
 Metaspace       used 24440K, capacity 25119K, committed 25340K, reserved 1071104K
  class space    used 2772K, capacity 2988K, committed 3072K, reserved 1048576K
}

