# JRE version: OpenJDK Runtime Environment (11.0.8+10) (build 11.0.8+10-post-Ubuntu-0ubuntu120.04)
# Java VM: OpenJDK 64-Bit Server VM (11.0.8+10-post-Ubuntu-0ubuntu120.04, mixed mode, sharing, tiered, compressed oops, g1 gc, linux-amd64)
Heap:
 garbage-first heap   total 233472K, used 143590K [0x0000000746800000, 0x0000000800000000)
  region size 1024K, 140 young (143360K), 11 survivors (11264K)
 Metaspace       used 26145K, capacity 26999K, committed 27312K, reserved 1073152K
  class space    used 2944K, capacity 3248K, committed 3328K, reserved 1048576K
GC Heap History (11 events):
Event: 0.484 GC heap before
{Heap before GC invocations=0 (full 0):
 garbage-first heap   total 192512K, used 15044K [0x0000000746800000, 0x0000000800000000)
  region size 1024K, 14 young (14336K), 0 survivors (0K)
 Metaspace       used 4023K, capacity 7153K, committed 7296K, reserved 1056768K
  class space    used 451K, capacity 792K, committed 896K, reserved 1048576K
}
Event: 0.494 GC heap after
{Heap after GC invocations=1 (full 0):
 garbage-first heap   total 192512K, used 3300K [0x0000000746800000, 0x0000000800000000)
  region size 1024K, 2 young (2048K), 2 survivors (2048K)
 Metaspace       used 4023K, capacity 7153K, committed 7296K, reserved 1056768K
  class space    used 451K, capacity 792K, committed 896K, reserved 1048576K
}
Event: 0.717 GC heap before
{Heap before GC invocations=1 (full 0):
 garbage-first heap   total 192512K, used 15588K [0x0000000746800000, 0x0000000800000000)
  region size 1024K, 14 young (14336K), 2 survivors (2048K)
 Metaspace       used 5391K, capacity 7998K, committed 8192K, reserved 1056768K
  class space    used 641K, capacity 924K, committed 1024K, reserved 1048576K
}
Event: 0.724 GC heap after
{Heap after GC invocations=2 (full 0):
 garbage-first heap   total 192512K, used 3916K [0x0000000746800000, 0x0000000800000000)
  region size 1024K, 1 young (1024K), 1 survivors (1024K)
 Metaspace       used 5391K, capacity 7998K, committed 8192K, reserved 1056768K
  class space    used 641K, capacity 924K, committed 1024K, reserved 1048576K
}
Event: 1.347 GC heap before
{Heap before GC invocations=2 (full 0):
 garbage-first heap   total 192512K, used 36684K [0x0000000746800000, 0x0000000800000000)
  region size 1024K, 33 young (33792K), 1 survivors (1024K)
 Metaspace       used 10396K, capacity 12590K, committed 12928K, reserved 1060864K
  class space    used 1287K, capacity 1550K, committed 1664K, reserved 1048576K
}
Event: 1.351 GC heap after
{Heap after GC invocations=3 (full 0):
 garbage-first heap   total 192512K, used 5560K [0x0000000746800000, 0x0000000800000000)
  region size 1024K, 3 young (3072K), 3 survivors (3072K)
 Metaspace       used 10396K, capacity 12590K, committed 12928K, reserved 1060864K
  class space    used 1287K, capacity 1550K, committed 1664K, reserved 1048576K
}
Event: 2.375 GC heap before
{Heap before GC invocations=3 (full 0):
 garbage-first heap   total 192512K, used 59832K [0x0000000746800000, 0x0000000800000000)
  region size 1024K, 56 young (57344K), 3 survivors (3072K)
 Metaspace       used 14160K, capacity 15893K, committed 16256K, reserved 1062912K
  class space    used 1632K, capacity 1875K, committed 1920K, reserved 1048576K
}
Event: 2.386 GC heap after
{Heap after GC invocations=4 (full 0):
 garbage-first heap   total 192512K, used 8692K [0x0000000746800000, 0x0000000800000000)
  region size 1024K, 6 young (6144K), 6 survivors (6144K)
 Metaspace       used 14160K, capacity 15893K, committed 16256K, reserved 1062912K
  class space    used 1632K, capacity 1875K, committed 1920K, reserved 1048576K
}
Event: 2.775 GC heap before
{Heap before GC invocations=4 (full 0):
 garbage-first heap   total 192512K, used 22004K [0x0000000746800000, 0x0000000800000000)
  region size 1024K, 20 young (20480K), 6 survivors (6144K)
 Metaspace       used 19631K, capacity 21041K, committed 21296K, reserved 1069056K
  class space    used 2338K, capacity 2600K, committed 2688K, reserved 1048576K
}
Event: 2.787 GC heap after
{Heap after GC invocations=5 (full 0):
 garbage-first heap   total 233472K, used 10470K [0x0000000746800000, 0x0000000800000000)
  region size 1024K, 7 young (7168K), 7 survivors (7168K)
 Metaspace       used 19631K, capacity 21041K, committed 21296K, reserved 1069056K
  class space    used 2338K, capacity 2600K, committed 2688K, reserved 1048576K
}
Event: 4.655 GC heap before
{Heap before GC invocations=6 (full 0):
 garbage-first heap   total 233472K, used 143590K [0x0000000746800000, 0x0000000800000000)
  region size 1024K, 136 young (139264K), 7 survivors (7168K)
 Metaspace       used 26145K, capacity 26999K, committed 27312K, reserved 1073152K
  class space    used 2944K, capacity 3248K, committed 3328K, reserved 1048576K
}

