# JRE version: OpenJDK Runtime Environment (11.0.8+10) (build 11.0.8+10-post-Ubuntu-0ubuntu120.04)
# Java VM: OpenJDK 64-Bit Server VM (11.0.8+10-post-Ubuntu-0ubuntu120.04, mixed mode, sharing, tiered, compressed oops, g1 gc, linux-amd64)
Heap:
 garbage-first heap   total 192512K, used 68545K [0x0000000746800000, 0x0000000800000000)
  region size 1024K, 48 young (49152K), 2 survivors (2048K)
 Metaspace       used 24903K, capacity 25680K, committed 25852K, reserved 1073152K
  class space    used 2788K, capacity 3022K, committed 3072K, reserved 1048576K
GC Heap History (8 events):
Event: 0.749 GC heap before
{Heap before GC invocations=0 (full 0):
 garbage-first heap   total 192512K, used 15044K [0x0000000746800000, 0x0000000800000000)
  region size 1024K, 14 young (14336K), 0 survivors (0K)
 Metaspace       used 4104K, capacity 7217K, committed 7552K, reserved 1056768K
  class space    used 462K, capacity 792K, committed 896K, reserved 1048576K
}
Event: 0.759 GC heap after
{Heap after GC invocations=1 (full 0):
 garbage-first heap   total 192512K, used 3298K [0x0000000746800000, 0x0000000800000000)
  region size 1024K, 2 young (2048K), 2 survivors (2048K)
 Metaspace       used 4104K, capacity 7217K, committed 7552K, reserved 1056768K
  class space    used 462K, capacity 792K, committed 896K, reserved 1048576K
}
Event: 2.823 GC heap before
{Heap before GC invocations=1 (full 0):
 garbage-first heap   total 192512K, used 110818K [0x0000000746800000, 0x0000000800000000)
  region size 1024K, 108 young (110592K), 2 survivors (2048K)
 Metaspace       used 19580K, capacity 20985K, committed 21248K, reserved 1069056K
  class space    used 2332K, capacity 2560K, committed 2560K, reserved 1048576K
}
Event: 2.840 GC heap after
{Heap after GC invocations=2 (full 0):
 garbage-first heap   total 192512K, used 9812K [0x0000000746800000, 0x0000000800000000)
  region size 1024K, 9 young (9216K), 9 survivors (9216K)
 Metaspace       used 19580K, capacity 20985K, committed 21248K, reserved 1069056K
  class space    used 2332K, capacity 2560K, committed 2560K, reserved 1048576K
}
Event: 3.779 GC heap before
{Heap before GC invocations=3 (full 0):
 garbage-first heap   total 192512K, used 65108K [0x0000000746800000, 0x0000000800000000)
  region size 1024K, 62 young (63488K), 9 survivors (9216K)
 Metaspace       used 24257K, capacity 25004K, committed 25084K, reserved 1071104K
  class space    used 2781K, capacity 3016K, committed 3072K, reserved 1048576K
}
Event: 3.811 GC heap after
{Heap after GC invocations=4 (full 0):
 garbage-first heap   total 192512K, used 20676K [0x0000000746800000, 0x0000000800000000)
  region size 1024K, 8 young (8192K), 8 survivors (8192K)
 Metaspace       used 24257K, capacity 25004K, committed 25084K, reserved 1071104K
  class space    used 2781K, capacity 3016K, committed 3072K, reserved 1048576K
}
Event: 3.940 GC heap before
{Heap before GC invocations=4 (full 0):
 garbage-first heap   total 192512K, used 27844K [0x0000000746800000, 0x0000000800000000)
  region size 1024K, 15 young (15360K), 8 survivors (8192K)
 Metaspace       used 24493K, capacity 25217K, committed 25340K, reserved 1071104K
  class space    used 2783K, capacity 3020K, committed 3072K, reserved 1048576K
}
Event: 3.958 GC heap after
{Heap after GC invocations=5 (full 0):
 garbage-first heap   total 192512K, used 22465K [0x0000000746800000, 0x0000000800000000)
  region size 1024K, 2 young (2048K), 2 survivors (2048K)
 Metaspace       used 24493K, capacity 25217K, committed 25340K, reserved 1071104K
  class space    used 2783K, capacity 3020K, committed 3072K, reserved 1048576K
}

