# JRE version: OpenJDK Runtime Environment (11.0.8+10) (build 11.0.8+10-post-Ubuntu-0ubuntu120.04)
# Java VM: OpenJDK 64-Bit Server VM (11.0.8+10-post-Ubuntu-0ubuntu120.04, mixed mode, sharing, tiered, compressed oops, g1 gc, linux-amd64)
Heap:
 garbage-first heap   total 192512K, used 9054K [0x0000000746800000, 0x0000000800000000)
  region size 1024K, 4 young (4096K), 4 survivors (4096K)
 Metaspace       used 20354K, capacity 21055K, committed 21552K, reserved 1069056K
  class space    used 2360K, capacity 2665K, committed 2688K, reserved 1048576K
GC Heap History (6 events):
Event: 0.579 GC heap before
{Heap before GC invocations=0 (full 0):
 garbage-first heap   total 192512K, used 15044K [0x0000000746800000, 0x0000000800000000)
  region size 1024K, 14 young (14336K), 0 survivors (0K)
 Metaspace       used 11291K, capacity 11885K, committed 12160K, reserved 1060864K
  class space    used 1391K, capacity 1662K, committed 1664K, reserved 1048576K
}
Event: 0.592 GC heap after
{Heap after GC invocations=1 (full 0):
 garbage-first heap   total 192512K, used 3636K [0x0000000746800000, 0x0000000800000000)
  region size 1024K, 2 young (2048K), 2 survivors (2048K)
 Metaspace       used 11291K, capacity 11885K, committed 12160K, reserved 1060864K
  class space    used 1391K, capacity 1662K, committed 1664K, reserved 1048576K
}
Event: 0.780 GC heap before
{Heap before GC invocations=1 (full 0):
 garbage-first heap   total 192512K, used 10804K [0x0000000746800000, 0x0000000800000000)
  region size 1024K, 9 young (9216K), 2 survivors (2048K)
 Metaspace       used 14794K, capacity 15495K, committed 16000K, reserved 1062912K
  class space    used 1744K, capacity 2055K, committed 2176K, reserved 1048576K
}
Event: 0.790 GC heap after
{Heap after GC invocations=2 (full 0):
 garbage-first heap   total 192512K, used 5655K [0x0000000746800000, 0x0000000800000000)
  region size 1024K, 2 young (2048K), 2 survivors (2048K)
 Metaspace       used 14794K, capacity 15495K, committed 16000K, reserved 1062912K
  class space    used 1744K, capacity 2055K, committed 2176K, reserved 1048576K
}
Event: 3.691 GC heap before
{Heap before GC invocations=2 (full 0):
 garbage-first heap   total 192512K, used 23063K [0x0000000746800000, 0x0000000800000000)
  region size 1024K, 21 young (21504K), 2 survivors (2048K)
 Metaspace       used 20347K, capacity 20991K, committed 21296K, reserved 1069056K
  class space    used 2360K, capacity 2665K, committed 2688K, reserved 1048576K
}
Event: 3.712 GC heap after
{Heap after GC invocations=3 (full 0):
 garbage-first heap   total 192512K, used 9054K [0x0000000746800000, 0x0000000800000000)
  region size 1024K, 4 young (4096K), 4 survivors (4096K)
 Metaspace       used 20347K, capacity 20991K, committed 21296K, reserved 1069056K
  class space    used 2360K, capacity 2665K, committed 2688K, reserved 1048576K
}

