# JRE version: OpenJDK Runtime Environment (11.0.8+10) (build 11.0.8+10-post-Ubuntu-0ubuntu120.04)
# Java VM: OpenJDK 64-Bit Server VM (11.0.8+10-post-Ubuntu-0ubuntu120.04, mixed mode, sharing, tiered, compressed oops, g1 gc, linux-amd64)
Heap:
 garbage-first heap   total 192512K, used 18269K [0x0000000746800000, 0x0000000800000000)
  region size 1024K, 14 young (14336K), 4 survivors (4096K)
 Metaspace       used 22969K, capacity 23753K, committed 23932K, reserved 1071104K
  class space    used 2656K, capacity 3008K, committed 3020K, reserved 1048576K
GC Heap History (6 events):
Event: 0.582 GC heap before
{Heap before GC invocations=0 (full 0):
 garbage-first heap   total 192512K, used 15044K [0x0000000746800000, 0x0000000800000000)
  region size 1024K, 14 young (14336K), 0 survivors (0K)
 Metaspace       used 11314K, capacity 11949K, committed 12160K, reserved 1060864K
  class space    used 1391K, capacity 1662K, committed 1664K, reserved 1048576K
}
Event: 0.595 GC heap after
{Heap after GC invocations=1 (full 0):
 garbage-first heap   total 192512K, used 3634K [0x0000000746800000, 0x0000000800000000)
  region size 1024K, 2 young (2048K), 2 survivors (2048K)
 Metaspace       used 11314K, capacity 11949K, committed 12160K, reserved 1060864K
  class space    used 1391K, capacity 1662K, committed 1664K, reserved 1048576K
}
Event: 0.823 GC heap before
{Heap before GC invocations=1 (full 0):
 garbage-first heap   total 192512K, used 10802K [0x0000000746800000, 0x0000000800000000)
  region size 1024K, 9 young (9216K), 2 survivors (2048K)
 Metaspace       used 14817K, capacity 15463K, committed 15616K, reserved 1062912K
  class space    used 1747K, capacity 2023K, committed 2048K, reserved 1048576K
}
Event: 0.835 GC heap after
{Heap after GC invocations=2 (full 0):
 garbage-first heap   total 192512K, used 5755K [0x0000000746800000, 0x0000000800000000)
  region size 1024K, 2 young (2048K), 2 survivors (2048K)
 Metaspace       used 14817K, capacity 15463K, committed 15616K, reserved 1062912K
  class space    used 1747K, capacity 2023K, committed 2048K, reserved 1048576K
}
Event: 3.972 GC heap before
{Heap before GC invocations=2 (full 0):
 garbage-first heap   total 192512K, used 24187K [0x0000000746800000, 0x0000000800000000)
  region size 1024K, 21 young (21504K), 2 survivors (2048K)
 Metaspace       used 20408K, capacity 21055K, committed 21296K, reserved 1069056K
  class space    used 2360K, capacity 2665K, committed 2688K, reserved 1048576K
}
Event: 3.996 GC heap after
{Heap after GC invocations=3 (full 0):
 garbage-first heap   total 192512K, used 9053K [0x0000000746800000, 0x0000000800000000)
  region size 1024K, 4 young (4096K), 4 survivors (4096K)
 Metaspace       used 20408K, capacity 21055K, committed 21296K, reserved 1069056K
  class space    used 2360K, capacity 2665K, committed 2688K, reserved 1048576K
}

